# JRE version: OpenJDK Runtime Environment Microsoft-8035246 (17.0.8+7) (build 17.0.8+7-LTS)
# Java VM: OpenJDK 64-Bit Server VM Microsoft-8035246 (17.0.8+7-LTS, mixed mode, sharing, tiered, compressed oops, compressed class ptrs, g1 gc, windows-amd64)
GC Precious Log:
 CPUs: 12 total, 12 available
 Memory: 16074M
 Large Page Support: Disabled
 NUMA Support: Disabled
 Compressed Oops: Enabled (32-bit)
 Heap Region Size: 1M
 Heap Min Capacity: 8M
 Heap Initial Capacity: 252M
 Heap Max Capacity: 2G
 Pre-touch: Disabled
 Parallel Workers: 10
 Concurrent Workers: 3
 Concurrent Refinement Workers: 10
 Periodic GC: Disabled
Heap:
 garbage-first heap   total 218112K, used 185887K [0x0000000080000000, 0x0000000100000000)
  region size 1024K, 20 young (20480K), 3 survivors (3072K)
 Metaspace       used 104341K, committed 105408K, reserved 557056K
  class space    used 14626K, committed 15168K, reserved 425984K
GC Heap History (20 events):
Event: 32.106 GC heap before
{Heap before GC invocations=49 (full 0):
 garbage-first heap   total 218112K, used 182366K [0x0000000080000000, 0x0000000100000000)
  region size 1024K, 38 young (38912K), 3 survivors (3072K)
 Metaspace       used 101591K, committed 102656K, reserved 557056K
  class space    used 14215K, committed 14720K, reserved 425984K
}
Event: 32.112 GC heap after
{Heap after GC invocations=50 (full 0):
 garbage-first heap   total 218112K, used 150860K [0x0000000080000000, 0x0000000100000000)
  region size 1024K, 5 young (5120K), 5 survivors (5120K)
 Metaspace       used 101591K, committed 102656K, reserved 557056K
  class space    used 14215K, committed 14720K, reserved 425984K
}
Event: 32.544 GC heap before
{Heap before GC invocations=50 (full 0):
 garbage-first heap   total 218112K, used 182604K [0x0000000080000000, 0x0000000100000000)
  region size 1024K, 36 young (36864K), 5 survivors (5120K)
 Metaspace       used 102283K, committed 103360K, reserved 557056K
  class space    used 14286K, committed 14784K, reserved 425984K
}
Event: 32.551 GC heap after
{Heap after GC invocations=51 (full 0):
 garbage-first heap   total 218112K, used 154657K [0x0000000080000000, 0x0000000100000000)
  region size 1024K, 4 young (4096K), 4 survivors (4096K)
 Metaspace       used 102283K, committed 103360K, reserved 557056K
  class space    used 14286K, committed 14784K, reserved 425984K
}
Event: 32.902 GC heap before
{Heap before GC invocations=51 (full 0):
 garbage-first heap   total 218112K, used 184353K [0x0000000080000000, 0x0000000100000000)
  region size 1024K, 33 young (33792K), 4 survivors (4096K)
 Metaspace       used 102464K, committed 103552K, reserved 557056K
  class space    used 14295K, committed 14784K, reserved 425984K
}
Event: 32.907 GC heap after
{Heap after GC invocations=52 (full 0):
 garbage-first heap   total 218112K, used 157647K [0x0000000080000000, 0x0000000100000000)
  region size 1024K, 3 young (3072K), 3 survivors (3072K)
 Metaspace       used 102464K, committed 103552K, reserved 557056K
  class space    used 14295K, committed 14784K, reserved 425984K
}
Event: 33.282 GC heap before
{Heap before GC invocations=52 (full 0):
 garbage-first heap   total 218112K, used 185295K [0x0000000080000000, 0x0000000100000000)
  region size 1024K, 30 young (30720K), 3 survivors (3072K)
 Metaspace       used 103053K, committed 104128K, reserved 557056K
  class space    used 14368K, committed 14912K, reserved 425984K
}
Event: 33.288 GC heap after
{Heap after GC invocations=53 (full 0):
 garbage-first heap   total 218112K, used 161210K [0x0000000080000000, 0x0000000100000000)
  region size 1024K, 4 young (4096K), 4 survivors (4096K)
 Metaspace       used 103053K, committed 104128K, reserved 557056K
  class space    used 14368K, committed 14912K, reserved 425984K
}
Event: 33.504 GC heap before
{Heap before GC invocations=53 (full 0):
 garbage-first heap   total 218112K, used 184762K [0x0000000080000000, 0x0000000100000000)
  region size 1024K, 28 young (28672K), 4 survivors (4096K)
 Metaspace       used 103752K, committed 104896K, reserved 557056K
  class space    used 14565K, committed 15104K, reserved 425984K
}
Event: 33.508 GC heap after
{Heap after GC invocations=54 (full 0):
 garbage-first heap   total 218112K, used 162700K [0x0000000080000000, 0x0000000100000000)
  region size 1024K, 2 young (2048K), 2 survivors (2048K)
 Metaspace       used 103752K, committed 104896K, reserved 557056K
  class space    used 14565K, committed 15104K, reserved 425984K
}
Event: 33.869 GC heap before
{Heap before GC invocations=54 (full 0):
 garbage-first heap   total 218112K, used 186252K [0x0000000080000000, 0x0000000100000000)
  region size 1024K, 26 young (26624K), 2 survivors (2048K)
 Metaspace       used 103980K, committed 105088K, reserved 557056K
  class space    used 14571K, committed 15104K, reserved 425984K
}
Event: 33.872 GC heap after
{Heap after GC invocations=55 (full 0):
 garbage-first heap   total 218112K, used 163095K [0x0000000080000000, 0x0000000100000000)
  region size 1024K, 2 young (2048K), 2 survivors (2048K)
 Metaspace       used 103980K, committed 105088K, reserved 557056K
  class space    used 14571K, committed 15104K, reserved 425984K
}
Event: 34.172 GC heap before
{Heap before GC invocations=55 (full 0):
 garbage-first heap   total 218112K, used 186647K [0x0000000080000000, 0x0000000100000000)
  region size 1024K, 26 young (26624K), 2 survivors (2048K)
 Metaspace       used 104267K, committed 105408K, reserved 557056K
  class space    used 14625K, committed 15168K, reserved 425984K
}
Event: 34.177 GC heap after
{Heap after GC invocations=56 (full 0):
 garbage-first heap   total 218112K, used 166803K [0x0000000080000000, 0x0000000100000000)
  region size 1024K, 4 young (4096K), 4 survivors (4096K)
 Metaspace       used 104267K, committed 105408K, reserved 557056K
  class space    used 14625K, committed 15168K, reserved 425984K
}
Event: 34.293 GC heap before
{Heap before GC invocations=56 (full 0):
 garbage-first heap   total 218112K, used 187283K [0x0000000080000000, 0x0000000100000000)
  region size 1024K, 25 young (25600K), 4 survivors (4096K)
 Metaspace       used 104313K, committed 105408K, reserved 557056K
  class space    used 14625K, committed 15168K, reserved 425984K
}
Event: 34.298 GC heap after
{Heap after GC invocations=57 (full 0):
 garbage-first heap   total 218112K, used 168449K [0x0000000080000000, 0x0000000100000000)
  region size 1024K, 2 young (2048K), 2 survivors (2048K)
 Metaspace       used 104313K, committed 105408K, reserved 557056K
  class space    used 14625K, committed 15168K, reserved 425984K
}
Event: 34.511 GC heap before
{Heap before GC invocations=57 (full 0):
 garbage-first heap   total 218112K, used 188929K [0x0000000080000000, 0x0000000100000000)
  region size 1024K, 22 young (22528K), 2 survivors (2048K)
 Metaspace       used 104327K, committed 105408K, reserved 557056K
  class space    used 14625K, committed 15168K, reserved 425984K
}
Event: 34.513 GC heap after
{Heap after GC invocations=58 (full 0):
 garbage-first heap   total 218112K, used 169471K [0x0000000080000000, 0x0000000100000000)
  region size 1024K, 3 young (3072K), 3 survivors (3072K)
 Metaspace       used 104327K, committed 105408K, reserved 557056K
  class space    used 14625K, committed 15168K, reserved 425984K
}
Event: 34.840 GC heap before
{Heap before GC invocations=58 (full 0):
 garbage-first heap   total 218112K, used 188927K [0x0000000080000000, 0x0000000100000000)
  region size 1024K, 22 young (22528K), 3 survivors (3072K)
 Metaspace       used 104329K, committed 105408K, reserved 557056K
  class space    used 14626K, committed 15168K, reserved 425984K
}
Event: 34.844 GC heap after
{Heap after GC invocations=59 (full 0):
 garbage-first heap   total 218112K, used 170527K [0x0000000080000000, 0x0000000100000000)
  region size 1024K, 3 young (3072K), 3 survivors (3072K)
 Metaspace       used 104329K, committed 105408K, reserved 557056K
  class space    used 14626K, committed 15168K, reserved 425984K
}

