# JRE version: OpenJDK Runtime Environment Microsoft-8035246 (17.0.8+7) (build 17.0.8+7-LTS)
# Java VM: OpenJDK 64-Bit Server VM Microsoft-8035246 (17.0.8+7-LTS, mixed mode, sharing, tiered, compressed oops, compressed class ptrs, g1 gc, windows-amd64)
GC Precious Log:
 CPUs: 12 total, 12 available
 Memory: 16074M
 Large Page Support: Disabled
 NUMA Support: Disabled
 Compressed Oops: Enabled (32-bit)
 Heap Region Size: 1M
 Heap Min Capacity: 8M
 Heap Initial Capacity: 252M
 Heap Max Capacity: 2G
 Pre-touch: Disabled
 Parallel Workers: 10
 Concurrent Workers: 3
 Concurrent Refinement Workers: 10
 Periodic GC: Disabled
Heap:
 garbage-first heap   total 225280K, used 182072K [0x0000000080000000, 0x0000000100000000)
  region size 1024K, 17 young (17408K), 3 survivors (3072K)
 Metaspace       used 99032K, committed 100160K, reserved 557056K
  class space    used 13964K, committed 14464K, reserved 425984K
GC Heap History (20 events):
Event: 21.599 GC heap before
{Heap before GC invocations=43 (full 0):
 garbage-first heap   total 225280K, used 179858K [0x0000000080000000, 0x0000000100000000)
  region size 1024K, 41 young (41984K), 2 survivors (2048K)
 Metaspace       used 92277K, committed 93312K, reserved 557056K
  class space    used 12988K, committed 13440K, reserved 425984K
}
Event: 21.603 GC heap after
{Heap after GC invocations=44 (full 0):
 garbage-first heap   total 225280K, used 143261K [0x0000000080000000, 0x0000000100000000)
  region size 1024K, 6 young (6144K), 6 survivors (6144K)
 Metaspace       used 92277K, committed 93312K, reserved 557056K
  class space    used 12988K, committed 13440K, reserved 425984K
}
Event: 22.317 GC heap before
{Heap before GC invocations=44 (full 0):
 garbage-first heap   total 225280K, used 182173K [0x0000000080000000, 0x0000000100000000)
  region size 1024K, 44 young (45056K), 6 survivors (6144K)
 Metaspace       used 95252K, committed 96256K, reserved 557056K
  class space    used 13424K, committed 13888K, reserved 425984K
}
Event: 22.323 GC heap after
{Heap after GC invocations=45 (full 0):
 garbage-first heap   total 225280K, used 145890K [0x0000000080000000, 0x0000000100000000)
  region size 1024K, 3 young (3072K), 3 survivors (3072K)
 Metaspace       used 95252K, committed 96256K, reserved 557056K
  class space    used 13424K, committed 13888K, reserved 425984K
}
Event: 23.018 GC heap before
{Heap before GC invocations=45 (full 0):
 garbage-first heap   total 225280K, used 184802K [0x0000000080000000, 0x0000000100000000)
  region size 1024K, 41 young (41984K), 3 survivors (3072K)
 Metaspace       used 96590K, committed 97664K, reserved 557056K
  class space    used 13601K, committed 14144K, reserved 425984K
}
Event: 23.024 GC heap after
{Heap after GC invocations=46 (full 0):
 garbage-first heap   total 225280K, used 150103K [0x0000000080000000, 0x0000000100000000)
  region size 1024K, 6 young (6144K), 6 survivors (6144K)
 Metaspace       used 96590K, committed 97664K, reserved 557056K
  class space    used 13601K, committed 14144K, reserved 425984K
}
Event: 23.476 GC heap before
{Heap before GC invocations=46 (full 0):
 garbage-first heap   total 225280K, used 186967K [0x0000000080000000, 0x0000000100000000)
  region size 1024K, 42 young (43008K), 6 survivors (6144K)
 Metaspace       used 97044K, committed 98112K, reserved 557056K
  class space    used 13632K, committed 14144K, reserved 425984K
}
Event: 23.483 GC heap after
{Heap after GC invocations=47 (full 0):
 garbage-first heap   total 225280K, used 154394K [0x0000000080000000, 0x0000000100000000)
  region size 1024K, 5 young (5120K), 5 survivors (5120K)
 Metaspace       used 97044K, committed 98112K, reserved 557056K
  class space    used 13632K, committed 14144K, reserved 425984K
}
Event: 23.815 GC heap before
{Heap before GC invocations=47 (full 0):
 garbage-first heap   total 225280K, used 188186K [0x0000000080000000, 0x0000000100000000)
  region size 1024K, 38 young (38912K), 5 survivors (5120K)
 Metaspace       used 97430K, committed 98432K, reserved 557056K
  class space    used 13671K, committed 14144K, reserved 425984K
}
Event: 23.821 GC heap after
{Heap after GC invocations=48 (full 0):
 garbage-first heap   total 225280K, used 158252K [0x0000000080000000, 0x0000000100000000)
  region size 1024K, 4 young (4096K), 4 survivors (4096K)
 Metaspace       used 97430K, committed 98432K, reserved 557056K
  class space    used 13671K, committed 14144K, reserved 425984K
}
Event: 24.159 GC heap before
{Heap before GC invocations=48 (full 0):
 garbage-first heap   total 225280K, used 188972K [0x0000000080000000, 0x0000000100000000)
  region size 1024K, 35 young (35840K), 4 survivors (4096K)
 Metaspace       used 98383K, committed 99456K, reserved 557056K
  class space    used 13902K, committed 14400K, reserved 425984K
}
Event: 24.165 GC heap after
{Heap after GC invocations=49 (full 0):
 garbage-first heap   total 225280K, used 160844K [0x0000000080000000, 0x0000000100000000)
  region size 1024K, 3 young (3072K), 3 survivors (3072K)
 Metaspace       used 98383K, committed 99456K, reserved 557056K
  class space    used 13902K, committed 14400K, reserved 425984K
}
Event: 24.581 GC heap before
{Heap before GC invocations=49 (full 0):
 garbage-first heap   total 225280K, used 190540K [0x0000000080000000, 0x0000000100000000)
  region size 1024K, 33 young (33792K), 3 survivors (3072K)
 Metaspace       used 98761K, committed 99904K, reserved 557056K
  class space    used 13939K, committed 14464K, reserved 425984K
}
Event: 24.585 GC heap after
{Heap after GC invocations=50 (full 0):
 garbage-first heap   total 225280K, used 161601K [0x0000000080000000, 0x0000000100000000)
  region size 1024K, 4 young (4096K), 4 survivors (4096K)
 Metaspace       used 98761K, committed 99904K, reserved 557056K
  class space    used 13939K, committed 14464K, reserved 425984K
}
Event: 24.837 GC heap before
{Heap before GC invocations=50 (full 0):
 garbage-first heap   total 225280K, used 191297K [0x0000000080000000, 0x0000000100000000)
  region size 1024K, 34 young (34816K), 4 survivors (4096K)
 Metaspace       used 98991K, committed 100032K, reserved 557056K
  class space    used 13964K, committed 14464K, reserved 425984K
}
Event: 24.843 GC heap after
{Heap after GC invocations=51 (full 0):
 garbage-first heap   total 225280K, used 165713K [0x0000000080000000, 0x0000000100000000)
  region size 1024K, 5 young (5120K), 5 survivors (5120K)
 Metaspace       used 98991K, committed 100032K, reserved 557056K
  class space    used 13964K, committed 14464K, reserved 425984K
}
Event: 25.177 GC heap before
{Heap before GC invocations=51 (full 0):
 garbage-first heap   total 225280K, used 192337K [0x0000000080000000, 0x0000000100000000)
  region size 1024K, 32 young (32768K), 5 survivors (5120K)
 Metaspace       used 99009K, committed 100032K, reserved 557056K
  class space    used 13964K, committed 14464K, reserved 425984K
}
Event: 25.182 GC heap after
{Heap after GC invocations=52 (full 0):
 garbage-first heap   total 225280K, used 167748K [0x0000000080000000, 0x0000000100000000)
  region size 1024K, 2 young (2048K), 2 survivors (2048K)
 Metaspace       used 99009K, committed 100032K, reserved 557056K
  class space    used 13964K, committed 14464K, reserved 425984K
}
Event: 25.604 GC heap before
{Heap before GC invocations=52 (full 0):
 garbage-first heap   total 225280K, used 193348K [0x0000000080000000, 0x0000000100000000)
  region size 1024K, 28 young (28672K), 2 survivors (2048K)
 Metaspace       used 99016K, committed 100096K, reserved 557056K
  class space    used 13964K, committed 14464K, reserved 425984K
}
Event: 25.607 GC heap after
{Heap after GC invocations=53 (full 0):
 garbage-first heap   total 225280K, used 168760K [0x0000000080000000, 0x0000000100000000)
  region size 1024K, 3 young (3072K), 3 survivors (3072K)
 Metaspace       used 99016K, committed 100096K, reserved 557056K
  class space    used 13964K, committed 14464K, reserved 425984K
}

